#
# There is insufficient memory for the Java Runtime Environment to continue.
# Native memory allocation (mmap) failed to map 65536 bytes. Error detail: Failed to commit metaspace.
# Possible reasons:
#   The system is out of physical RAM or swap space
#   This process is running with CompressedOops enabled, and the Java Heap may be blocking the growth of the native heap
# Possible solutions:
#   Reduce memory load on the system
#   Increase physical memory or swap space
#   Check if swap backing store is full
#   Decrease Java heap size (-Xmx/-Xms)
#   Decrease number of Java threads
#   Decrease Java thread stack sizes (-Xss)
#   Set larger code cache with -XX:ReservedCodeCacheSize=
#   JVM is running with Zero Based Compressed Oops mode in which the Java heap is
#     placed in the first 32GB address space. The Java Heap base address is the
#     maximum limit for the native heap growth. Please use -XX:HeapBaseMinAddress
#     to set the Java Heap base and to place the Java Heap above 32GB virtual address.
# This output file may be truncated or incomplete.
#
#  Out of Memory Error (virtualSpaceNode.cpp:112), pid=14864, tid=744
#
# JRE version: OpenJDK Runtime Environment JBR-21.0.3+13-509.11-jcef (21.0.3+13) (build 21.0.3+13-b509.11)
# Java VM: OpenJDK 64-Bit Server VM JBR-21.0.3+13-509.11-jcef (21.0.3+13-b509.11, mixed mode, tiered, compressed oops, compressed class ptrs, g1 gc, windows-amd64)
# No core dump will be written. Minidumps are not enabled by default on client versions of Windows
#

---------------  S U M M A R Y ------------

Command Line: git4idea.http.GitAskPassApp Username for 'https://github.com': 

Host: AMD Ryzen 5 2600 Six-Core Processor            , 12 cores, 23G,  Windows 10 , 64 bit Build 19041 (10.0.19041.4957)
Time: Mon Oct 21 17:43:15 2024 RTZ 2 (s 10 , 64 bit Build 19041 (10.0.19041.4957) elapsed time: 0.451791 seconds (0d 0h 0m 0s)

---------------  T H R E A D  ---------------

Current thread (0x000001a11b8fdaa0):  JavaThread "HttpClient-1-Worker-0" daemon [_thread_in_vm, id=744, stack(0x0000000101a00000,0x0000000101b00000) (1024K)]

Stack: [0x0000000101a00000,0x0000000101b00000]
Native frames: (J=compiled Java code, j=interpreted, Vv=VM code, C=native code)
V  [jvm.dll+0x6e02f9]
V  [jvm.dll+0x8bd383]
V  [jvm.dll+0x8bf8de]
V  [jvm.dll+0x8bffc3]
V  [jvm.dll+0x2879c6]
V  [jvm.dll+0x8b81ce]
V  [jvm.dll+0x6819a5]
V  [jvm.dll+0x681a0a]
V  [jvm.dll+0x684226]
V  [jvm.dll+0x6840f2]
V  [jvm.dll+0x68235e]
V  [jvm.dll+0x284096]
V  [jvm.dll+0x73700a]
V  [jvm.dll+0x737b4f]
V  [jvm.dll+0x3ce31b]
V  [jvm.dll+0x3cd0dc]
V  [jvm.dll+0x3cd078]
V  [jvm.dll+0x3df38a]
C  0x000001a10754a994

The last pc belongs to new (printed below).
Java frames: (J=compiled Java code, j=interpreted, Vv=VM code)
j  sun.security.ssl.SignatureAlgorithmsExtension$CHSignatureSchemesProducer.produce(Lsun/security/ssl/ConnectionContext;Lsun/security/ssl/SSLHandshake$HandshakeMessage;)[B+159 java.base@21.0.3
j  sun.security.ssl.SSLExtension.produce(Lsun/security/ssl/ConnectionContext;Lsun/security/ssl/SSLHandshake$HandshakeMessage;)[B+13 java.base@21.0.3
j  sun.security.ssl.SSLExtensions.produce(Lsun/security/ssl/HandshakeContext;[Lsun/security/ssl/SSLExtension;)V+145 java.base@21.0.3
j  sun.security.ssl.ClientHello$ClientHelloKickstartProducer.produce(Lsun/security/ssl/ConnectionContext;)[B+962 java.base@21.0.3
j  sun.security.ssl.SSLHandshake.kickstart(Lsun/security/ssl/HandshakeContext;)V+47 java.base@21.0.3
j  sun.security.ssl.ClientHandshakeContext.kickstart()V+9 java.base@21.0.3
j  sun.security.ssl.TransportContext.kickstart()V+234 java.base@21.0.3
j  sun.security.ssl.SSLEngineImpl.writeRecord([Ljava/nio/ByteBuffer;II[Ljava/nio/ByteBuffer;II)Ljavax/net/ssl/SSLEngineResult;+117 java.base@21.0.3
j  sun.security.ssl.SSLEngineImpl.wrap([Ljava/nio/ByteBuffer;II[Ljava/nio/ByteBuffer;II)Ljavax/net/ssl/SSLEngineResult;+53 java.base@21.0.3
j  sun.security.ssl.SSLEngineImpl.wrap([Ljava/nio/ByteBuffer;IILjava/nio/ByteBuffer;)Ljavax/net/ssl/SSLEngineResult;+15 java.base@21.0.3
j  javax.net.ssl.SSLEngine.wrap([Ljava/nio/ByteBuffer;Ljava/nio/ByteBuffer;)Ljavax/net/ssl/SSLEngineResult;+20 java.base@21.0.3
j  jdk.internal.net.http.common.SSLFlowDelegate$Writer.wrapBuffers([Ljava/nio/ByteBuffer;)Ljdk/internal/net/http/common/SSLFlowDelegate$EngineResult;+131 java.net.http@21.0.3
j  jdk.internal.net.http.common.SSLFlowDelegate$Writer.processData()V+101 java.net.http@21.0.3
j  jdk.internal.net.http.common.SSLFlowDelegate$Writer$WriterDownstreamPusher.run()V+4 java.net.http@21.0.3
j  jdk.internal.net.http.common.SequentialScheduler$CompleteRestartableTask.run(Ljdk/internal/net/http/common/SequentialScheduler$DeferredCompleter;)V+1 java.net.http@21.0.3
j  jdk.internal.net.http.common.SequentialScheduler$SchedulableTask.run()V+14 java.net.http@21.0.3
j  jdk.internal.net.http.common.SequentialScheduler.runOrSchedule(Ljdk/internal/net/http/common/SequentialScheduler$SchedulableTask;Ljava/util/concurrent/Executor;)V+86 java.net.http@21.0.3
j  jdk.internal.net.http.common.SequentialScheduler.runOrSchedule()V+6 java.net.http@21.0.3
j  jdk.internal.net.http.common.SSLFlowDelegate$Writer.incoming(Ljava/util/List;Z)V+155 java.net.http@21.0.3
j  jdk.internal.net.http.common.SubscriberWrapper.incomingCaller(Ljava/util/List;Z)V+3 java.net.http@21.0.3
j  jdk.internal.net.http.common.SubscriberWrapper.addData(Ljava/nio/ByteBuffer;)V+24 java.net.http@21.0.3
j  jdk.internal.net.http.common.SSLFlowDelegate$Writer.onSubscribe()V+27 java.net.http@21.0.3
j  jdk.internal.net.http.common.SubscriberWrapper.onSubscribe(Ljava/util/concurrent/Flow$Subscription;)V+78 java.net.http@21.0.3
j  jdk.internal.net.http.common.SSLTube$SSLTubeFlowDelegate.connect(Ljava/util/concurrent/Flow$Subscriber;Ljava/util/concurrent/Flow$Subscriber;)V+95 java.net.http@21.0.3
j  jdk.internal.net.http.common.SSLFlowDelegate.<init>(Ljavax/net/ssl/SSLEngine;Ljava/util/concurrent/Executor;Ljava/util/function/Consumer;Ljava/util/concurrent/Flow$Subscriber;Ljava/util/concurrent/Flow$Subscriber;)V+243 java.net.http@21.0.3
j  jdk.internal.net.http.common.SSLTube$SSLTubeFlowDelegate.<init>(Ljdk/internal/net/http/common/SSLTube;Ljavax/net/ssl/SSLEngine;Ljava/util/concurrent/Executor;Ljava/util/function/Consumer;Ljdk/internal/net/http/common/SSLTube$SSLSubscriberWrapper;Ljdk/internal/net/http/common/FlowTube;)V+14 java.net.http@21.0.3
j  jdk.internal.net.http.common.SSLTube.<init>(Ljavax/net/ssl/SSLEngine;Ljava/util/concurrent/Executor;Ljava/util/function/Consumer;Ljdk/internal/net/http/common/FlowTube;)V+97 java.net.http@21.0.3
j  jdk.internal.net.http.AsyncSSLConnection.lambda$connectAsync$0(Ljava/lang/Void;)Ljava/lang/Void;+40 java.net.http@21.0.3
j  jdk.internal.net.http.AsyncSSLConnection$$Lambda+0x000000080016b718.apply(Ljava/lang/Object;)Ljava/lang/Object;+8 java.net.http@21.0.3
j  java.util.concurrent.CompletableFuture$UniApply.tryFire(I)Ljava/util/concurrent/CompletableFuture;+106 java.base@21.0.3
j  java.util.concurrent.CompletableFuture.postComplete()V+76 java.base@21.0.3
j  java.util.concurrent.CompletableFuture$AsyncSupply.run()V+57 java.base@21.0.3
j  java.util.concurrent.ThreadPoolExecutor.runWorker(Ljava/util/concurrent/ThreadPoolExecutor$Worker;)V+92 java.base@21.0.3
j  java.util.concurrent.ThreadPoolExecutor$Worker.run()V+5 java.base@21.0.3
j  java.lang.Thread.runWith(Ljava/lang/Object;Ljava/lang/Runnable;)V+5 java.base@21.0.3
j  java.lang.Thread.run()V+19 java.base@21.0.3
v  ~StubRoutines::call_stub 0x000001a10753100d
new  187 new  [0x000001a10754a800, 0x000001a10754aa08]  520 bytes
[MachCode]
  0x000001a10754a800: 4883 ec08 | c5fa 1104 | 24eb 1f48 | 83ec 10c5 | fb11 0424 | eb14 4883 | ec10 4889 | 0424 48c7 
  0x000001a10754a820: 4424 0800 | 0000 00eb | 0150 410f | b755 010f | cac1 ea10 | 488b 4de8 | 488b 4908 | 488b 4908 
  0x000001a10754a840: 488b 4108 | 807c 1004 | 070f 85d3 | 0000 0066 | 8b54 d148 | 488b 4928 | 488b 4cd1 | 0851 80b9 
  0x000001a10754a860: 4001 0000 | 050f 85b6 | 0000 008b | 5108 f6c2 | 010f 85aa | 0000 0049 | 8b87 b801 | 0000 488d 
  0x000001a10754a880: 1c10 493b | 9fc8 0100 | 000f 8792 | 0000 0049 | 899f b801 | 0000 4883 | ea10 0f84 | 0f00 0000 
  0x000001a10754a8a0: 33c9 c1ea | 0348 894c | d008 48ff | ca75 f648 | c700 0100 | 0000 5933 | f689 700c | 49ba 0000 
  0x000001a10754a8c0: 0000 0800 | 0000 492b | ca89 4808 | 49ba 778c | 2d48 f87f | 0000 4180 | 3a00 0f84 | 3c00 0000 
  0x000001a10754a8e0: 5048 8bc8 | 4883 ec20 | 40f6 c40f | 0f84 1900 | 0000 4883 | ec08 48b8 | c075 d747 | f87f 0000 
  0x000001a10754a900: ffd0 4883 | c408 e90c | 0000 0048 | b8c0 75d7 | 47f8 7f00 | 00ff d048 | 83c4 2058 | e9cb 0000 
  0x000001a10754a920: 0059 488b | 55e8 488b | 5208 488b | 5208 450f | b745 0141 | 0fc8 41c1 | e810 e805 | 0000 00e9 
  0x000001a10754a940: a800 0000 | 488d 4424 | 084c 896d | c049 8bcf | c5f8 7749 | 89af a803 | 0000 4989 | 8798 0300 
  0x000001a10754a960: 0048 83ec | 2040 f6c4 | 0f0f 8419 | 0000 0048 | 83ec 0848 | b800 f3a0 | 47f8 7f00 | 00ff d048 
  0x000001a10754a980: 83c4 08e9 | 0c00 0000 | 48b8 00f3 | a047 f87f | 0000 ffd0 | 4883 c420 | 49c7 8798 | 0300 0000 
  0x000001a10754a9a0: 0000 0049 | c787 a803 | 0000 0000 | 0000 49c7 | 87a0 0300 | 0000 0000 | 00c5 f877 | 4983 7f08 
  0x000001a10754a9c0: 000f 8405 | 0000 00e9 | 3465 feff | 498b 87f0 | 0300 0049 | c787 f003 | 0000 0000 | 0000 4c8b 
  0x000001a10754a9e0: 6dc0 4c8b | 75c8 4e8d | 74f5 00c3 | 410f b65d | 0349 83c5 | 0349 ba40 | 5230 48f8 | 7f00 0041 
  0x000001a10754aa00: ff24 da0f | 1f44 0000 
[/MachCode]

---------------  P R O C E S S  ---------------

Threads class SMR info:
_java_thread_list=0x000001a11b24a570, length=14, elements={
0x000001a176f32090, 0x000001a11b065410, 0x000001a11b066ad0, 0x000001a11b0908a0,
0x000001a11b091300, 0x000001a11b08b2b0, 0x000001a11b08e0d0, 0x000001a11b08f600,
0x000001a11b07a4a0, 0x000001a11b22dfe0, 0x000001a11b246d70, 0x000001a11b8ca120,
0x000001a11b8fdaa0, 0x000001a11b935060
}

Java Threads: ( => current thread )
  0x000001a176f32090 JavaThread "main"                              [_thread_blocked, id=18996, stack(0x0000000100600000,0x0000000100700000) (1024K)]
  0x000001a11b065410 JavaThread "Reference Handler"          daemon [_thread_blocked, id=12544, stack(0x0000000100e00000,0x0000000100f00000) (1024K)]
  0x000001a11b066ad0 JavaThread "Finalizer"                  daemon [_thread_blocked, id=21500, stack(0x0000000100f00000,0x0000000101000000) (1024K)]
  0x000001a11b0908a0 JavaThread "Signal Dispatcher"          daemon [_thread_blocked, id=11144, stack(0x0000000101000000,0x0000000101100000) (1024K)]
  0x000001a11b091300 JavaThread "Attach Listener"            daemon [_thread_blocked, id=21044, stack(0x0000000101100000,0x0000000101200000) (1024K)]
  0x000001a11b08b2b0 JavaThread "Service Thread"             daemon [_thread_blocked, id=14932, stack(0x0000000101200000,0x0000000101300000) (1024K)]
  0x000001a11b08e0d0 JavaThread "Monitor Deflation Thread"   daemon [_thread_blocked, id=16936, stack(0x0000000101300000,0x0000000101400000) (1024K)]
  0x000001a11b08f600 JavaThread "C2 CompilerThread0"         daemon [_thread_blocked, id=564, stack(0x0000000101400000,0x0000000101500000) (1024K)]
  0x000001a11b07a4a0 JavaThread "C1 CompilerThread0"         daemon [_thread_in_vm, id=15648, stack(0x0000000101500000,0x0000000101600000) (1024K)]
  0x000001a11b22dfe0 JavaThread "Notification Thread"        daemon [_thread_blocked, id=13648, stack(0x0000000101600000,0x0000000101700000) (1024K)]
  0x000001a11b246d70 JavaThread "Common-Cleaner"             daemon [_thread_blocked, id=6344, stack(0x0000000101700000,0x0000000101800000) (1024K)]
  0x000001a11b8ca120 JavaThread "HttpClient-1-SelectorManager" daemon [_thread_in_native, id=23900, stack(0x0000000101800000,0x0000000101900000) (1024K)]
=>0x000001a11b8fdaa0 JavaThread "HttpClient-1-Worker-0"      daemon [_thread_in_vm, id=744, stack(0x0000000101a00000,0x0000000101b00000) (1024K)]
  0x000001a11b935060 JavaThread "HttpClient-1-Worker-1"      daemon [_thread_blocked, id=23292, stack(0x0000000101b00000,0x0000000101c00000) (1024K)]
Total: 14

Other Threads:
  0x000001a11b011a20 VMThread "VM Thread"                           [id=10400, stack(0x0000000100d00000,0x0000000100e00000) (1024K)]
  0x000001a17f9a1180 WatcherThread "VM Periodic Task Thread"        [id=3300, stack(0x0000000100c00000,0x0000000100d00000) (1024K)]
  0x000001a177210ae0 WorkerThread "GC Thread#0"                     [id=19004, stack(0x0000000100700000,0x0000000100800000) (1024K)]
  0x000001a17721dbf0 ConcurrentGCThread "G1 Main Marker"            [id=17356, stack(0x0000000100800000,0x0000000100900000) (1024K)]
  0x000001a17721ee90 WorkerThread "G1 Conc#0"                       [id=13028, stack(0x0000000100900000,0x0000000100a00000) (1024K)]
  0x000001a17725e7b0 ConcurrentGCThread "G1 Refine#0"               [id=22184, stack(0x0000000100a00000,0x0000000100b00000) (1024K)]
  0x000001a17f873ca0 ConcurrentGCThread "G1 Service"                [id=13760, stack(0x0000000100b00000,0x0000000100c00000) (1024K)]
Total: 7

Threads with active compile tasks:
C1 CompilerThread0      468  931       3       java.util.HashMap::containsKey (14 bytes)
Total: 1

VM state: not at safepoint (normal execution)

VM Mutex/Monitor currently owned by a thread:  ([mutex/lock_event])
[0x00007ff8482ef558] Metaspace_lock - owner thread: 0x000001a11b8fdaa0

Heap address: 0x0000000681000000, size: 6128 MB, Compressed Oops mode: Zero based, Oop shift amount: 3

CDS archive(s) not mapped
Compressed class space mapped at: 0x0000000800000000-0x0000000840000000, reserved size: 1073741824
Narrow klass base: 0x0000000800000000, Narrow klass shift: 0, Narrow klass range: 0x40000000

GC Precious Log:
 CardTable entry size: 512
 Card Set container configuration: InlinePtr #cards 4 size 8 Array Of Cards #cards 32 size 80 Howl #buckets 8 coarsen threshold 7372 Howl Bitmap #cards 1024 size 144 coarsen threshold 921 Card regions per heap region 1 cards per card region 8192
 CPUs: 12 total, 12 available
 Memory: 24507M
 Large Page Support: Disabled
 NUMA Support: Disabled
 Compressed Oops: Enabled (Zero based)
 Heap Region Size: 4M
 Heap Min Capacity: 8M
 Heap Initial Capacity: 384M
 Heap Max Capacity: 6128M
 Pre-touch: Disabled
 Parallel Workers: 10
 Concurrent Workers: 3
 Concurrent Refinement Workers: 10
 Periodic GC: Disabled

Heap:
 garbage-first heap   total 393216K, used 12288K [0x0000000681000000, 0x0000000800000000)
  region size 4096K, 4 young (16384K), 0 survivors (0K)
 Metaspace       used 16247K, committed 16448K, reserved 1114112K
  class space    used 1604K, committed 1728K, reserved 1048576K

Heap Regions: E=young(eden), S=young(survivor), O=old, HS=humongous(starts), HC=humongous(continues), CS=collection set, F=free, TAMS=top-at-mark-start, PB=parsable bottom
|   0|0x0000000681000000, 0x0000000681000000, 0x0000000681400000|  0%| F|  |TAMS 0x0000000681000000| PB 0x0000000681000000| Untracked 
|   1|0x0000000681400000, 0x0000000681400000, 0x0000000681800000|  0%| F|  |TAMS 0x0000000681400000| PB 0x0000000681400000| Untracked 
|   2|0x0000000681800000, 0x0000000681800000, 0x0000000681c00000|  0%| F|  |TAMS 0x0000000681800000| PB 0x0000000681800000| Untracked 
|   3|0x0000000681c00000, 0x0000000681c00000, 0x0000000682000000|  0%| F|  |TAMS 0x0000000681c00000| PB 0x0000000681c00000| Untracked 
|   4|0x0000000682000000, 0x0000000682000000, 0x0000000682400000|  0%| F|  |TAMS 0x0000000682000000| PB 0x0000000682000000| Untracked 
|   5|0x0000000682400000, 0x0000000682400000, 0x0000000682800000|  0%| F|  |TAMS 0x0000000682400000| PB 0x0000000682400000| Untracked 
|   6|0x0000000682800000, 0x0000000682800000, 0x0000000682c00000|  0%| F|  |TAMS 0x0000000682800000| PB 0x0000000682800000| Untracked 
|   7|0x0000000682c00000, 0x0000000682c00000, 0x0000000683000000|  0%| F|  |TAMS 0x0000000682c00000| PB 0x0000000682c00000| Untracked 
|   8|0x0000000683000000, 0x0000000683000000, 0x0000000683400000|  0%| F|  |TAMS 0x0000000683000000| PB 0x0000000683000000| Untracked 
|   9|0x0000000683400000, 0x0000000683400000, 0x0000000683800000|  0%| F|  |TAMS 0x0000000683400000| PB 0x0000000683400000| Untracked 
|  10|0x0000000683800000, 0x0000000683800000, 0x0000000683c00000|  0%| F|  |TAMS 0x0000000683800000| PB 0x0000000683800000| Untracked 
|  11|0x0000000683c00000, 0x0000000683c00000, 0x0000000684000000|  0%| F|  |TAMS 0x0000000683c00000| PB 0x0000000683c00000| Untracked 
|  12|0x0000000684000000, 0x0000000684000000, 0x0000000684400000|  0%| F|  |TAMS 0x0000000684000000| PB 0x0000000684000000| Untracked 
|  13|0x0000000684400000, 0x0000000684400000, 0x0000000684800000|  0%| F|  |TAMS 0x0000000684400000| PB 0x0000000684400000| Untracked 
|  14|0x0000000684800000, 0x0000000684800000, 0x0000000684c00000|  0%| F|  |TAMS 0x0000000684800000| PB 0x0000000684800000| Untracked 
|  15|0x0000000684c00000, 0x0000000684c00000, 0x0000000685000000|  0%| F|  |TAMS 0x0000000684c00000| PB 0x0000000684c00000| Untracked 
|  16|0x0000000685000000, 0x0000000685000000, 0x0000000685400000|  0%| F|  |TAMS 0x0000000685000000| PB 0x0000000685000000| Untracked 
|  17|0x0000000685400000, 0x0000000685400000, 0x0000000685800000|  0%| F|  |TAMS 0x0000000685400000| PB 0x0000000685400000| Untracked 
|  18|0x0000000685800000, 0x0000000685800000, 0x0000000685c00000|  0%| F|  |TAMS 0x0000000685800000| PB 0x0000000685800000| Untracked 
|  19|0x0000000685c00000, 0x0000000685c00000, 0x0000000686000000|  0%| F|  |TAMS 0x0000000685c00000| PB 0x0000000685c00000| Untracked 
|  20|0x0000000686000000, 0x0000000686000000, 0x0000000686400000|  0%| F|  |TAMS 0x0000000686000000| PB 0x0000000686000000| Untracked 
|  21|0x0000000686400000, 0x0000000686400000, 0x0000000686800000|  0%| F|  |TAMS 0x0000000686400000| PB 0x0000000686400000| Untracked 
|  22|0x0000000686800000, 0x0000000686800000, 0x0000000686c00000|  0%| F|  |TAMS 0x0000000686800000| PB 0x0000000686800000| Untracked 
|  23|0x0000000686c00000, 0x0000000686c00000, 0x0000000687000000|  0%| F|  |TAMS 0x0000000686c00000| PB 0x0000000686c00000| Untracked 
|  24|0x0000000687000000, 0x0000000687000000, 0x0000000687400000|  0%| F|  |TAMS 0x0000000687000000| PB 0x0000000687000000| Untracked 
|  25|0x0000000687400000, 0x0000000687400000, 0x0000000687800000|  0%| F|  |TAMS 0x0000000687400000| PB 0x0000000687400000| Untracked 
|  26|0x0000000687800000, 0x0000000687800000, 0x0000000687c00000|  0%| F|  |TAMS 0x0000000687800000| PB 0x0000000687800000| Untracked 
|  27|0x0000000687c00000, 0x0000000687c00000, 0x0000000688000000|  0%| F|  |TAMS 0x0000000687c00000| PB 0x0000000687c00000| Untracked 
|  28|0x0000000688000000, 0x0000000688000000, 0x0000000688400000|  0%| F|  |TAMS 0x0000000688000000| PB 0x0000000688000000| Untracked 
|  29|0x0000000688400000, 0x0000000688400000, 0x0000000688800000|  0%| F|  |TAMS 0x0000000688400000| PB 0x0000000688400000| Untracked 
|  30|0x0000000688800000, 0x0000000688800000, 0x0000000688c00000|  0%| F|  |TAMS 0x0000000688800000| PB 0x0000000688800000| Untracked 
|  31|0x0000000688c00000, 0x0000000688c00000, 0x0000000689000000|  0%| F|  |TAMS 0x0000000688c00000| PB 0x0000000688c00000| Untracked 
|  32|0x0000000689000000, 0x0000000689000000, 0x0000000689400000|  0%| F|  |TAMS 0x0000000689000000| PB 0x0000000689000000| Untracked 
|  33|0x0000000689400000, 0x0000000689400000, 0x0000000689800000|  0%| F|  |TAMS 0x0000000689400000| PB 0x0000000689400000| Untracked 
|  34|0x0000000689800000, 0x0000000689800000, 0x0000000689c00000|  0%| F|  |TAMS 0x0000000689800000| PB 0x0000000689800000| Untracked 
|  35|0x0000000689c00000, 0x0000000689c00000, 0x000000068a000000|  0%| F|  |TAMS 0x0000000689c00000| PB 0x0000000689c00000| Untracked 
|  36|0x000000068a000000, 0x000000068a000000, 0x000000068a400000|  0%| F|  |TAMS 0x000000068a000000| PB 0x000000068a000000| Untracked 
|  37|0x000000068a400000, 0x000000068a400000, 0x000000068a800000|  0%| F|  |TAMS 0x000000068a400000| PB 0x000000068a400000| Untracked 
|  38|0x000000068a800000, 0x000000068a800000, 0x000000068ac00000|  0%| F|  |TAMS 0x000000068a800000| PB 0x000000068a800000| Untracked 
|  39|0x000000068ac00000, 0x000000068ac00000, 0x000000068b000000|  0%| F|  |TAMS 0x000000068ac00000| PB 0x000000068ac00000| Untracked 
|  40|0x000000068b000000, 0x000000068b000000, 0x000000068b400000|  0%| F|  |TAMS 0x000000068b000000| PB 0x000000068b000000| Untracked 
|  41|0x000000068b400000, 0x000000068b400000, 0x000000068b800000|  0%| F|  |TAMS 0x000000068b400000| PB 0x000000068b400000| Untracked 
|  42|0x000000068b800000, 0x000000068b800000, 0x000000068bc00000|  0%| F|  |TAMS 0x000000068b800000| PB 0x000000068b800000| Untracked 
|  43|0x000000068bc00000, 0x000000068bc00000, 0x000000068c000000|  0%| F|  |TAMS 0x000000068bc00000| PB 0x000000068bc00000| Untracked 
|  44|0x000000068c000000, 0x000000068c000000, 0x000000068c400000|  0%| F|  |TAMS 0x000000068c000000| PB 0x000000068c000000| Untracked 
|  45|0x000000068c400000, 0x000000068c400000, 0x000000068c800000|  0%| F|  |TAMS 0x000000068c400000| PB 0x000000068c400000| Untracked 
|  46|0x000000068c800000, 0x000000068c800000, 0x000000068cc00000|  0%| F|  |TAMS 0x000000068c800000| PB 0x000000068c800000| Untracked 
|  47|0x000000068cc00000, 0x000000068cc00000, 0x000000068d000000|  0%| F|  |TAMS 0x000000068cc00000| PB 0x000000068cc00000| Untracked 
|  48|0x000000068d000000, 0x000000068d000000, 0x000000068d400000|  0%| F|  |TAMS 0x000000068d000000| PB 0x000000068d000000| Untracked 
|  49|0x000000068d400000, 0x000000068d400000, 0x000000068d800000|  0%| F|  |TAMS 0x000000068d400000| PB 0x000000068d400000| Untracked 
|  50|0x000000068d800000, 0x000000068d800000, 0x000000068dc00000|  0%| F|  |TAMS 0x000000068d800000| PB 0x000000068d800000| Untracked 
|  51|0x000000068dc00000, 0x000000068dc00000, 0x000000068e000000|  0%| F|  |TAMS 0x000000068dc00000| PB 0x000000068dc00000| Untracked 
|  52|0x000000068e000000, 0x000000068e000000, 0x000000068e400000|  0%| F|  |TAMS 0x000000068e000000| PB 0x000000068e000000| Untracked 
|  53|0x000000068e400000, 0x000000068e400000, 0x000000068e800000|  0%| F|  |TAMS 0x000000068e400000| PB 0x000000068e400000| Untracked 
|  54|0x000000068e800000, 0x000000068e800000, 0x000000068ec00000|  0%| F|  |TAMS 0x000000068e800000| PB 0x000000068e800000| Untracked 
|  55|0x000000068ec00000, 0x000000068ec00000, 0x000000068f000000|  0%| F|  |TAMS 0x000000068ec00000| PB 0x000000068ec00000| Untracked 
|  56|0x000000068f000000, 0x000000068f000000, 0x000000068f400000|  0%| F|  |TAMS 0x000000068f000000| PB 0x000000068f000000| Untracked 
|  57|0x000000068f400000, 0x000000068f400000, 0x000000068f800000|  0%| F|  |TAMS 0x000000068f400000| PB 0x000000068f400000| Untracked 
|  58|0x000000068f800000, 0x000000068f800000, 0x000000068fc00000|  0%| F|  |TAMS 0x000000068f800000| PB 0x000000068f800000| Untracked 
|  59|0x000000068fc00000, 0x000000068fc00000, 0x0000000690000000|  0%| F|  |TAMS 0x000000068fc00000| PB 0x000000068fc00000| Untracked 
|  60|0x0000000690000000, 0x0000000690000000, 0x0000000690400000|  0%| F|  |TAMS 0x0000000690000000| PB 0x0000000690000000| Untracked 
|  61|0x0000000690400000, 0x0000000690400000, 0x0000000690800000|  0%| F|  |TAMS 0x0000000690400000| PB 0x0000000690400000| Untracked 
|  62|0x0000000690800000, 0x0000000690800000, 0x0000000690c00000|  0%| F|  |TAMS 0x0000000690800000| PB 0x0000000690800000| Untracked 
|  63|0x0000000690c00000, 0x0000000690c00000, 0x0000000691000000|  0%| F|  |TAMS 0x0000000690c00000| PB 0x0000000690c00000| Untracked 
|  64|0x0000000691000000, 0x0000000691000000, 0x0000000691400000|  0%| F|  |TAMS 0x0000000691000000| PB 0x0000000691000000| Untracked 
|  65|0x0000000691400000, 0x0000000691400000, 0x0000000691800000|  0%| F|  |TAMS 0x0000000691400000| PB 0x0000000691400000| Untracked 
|  66|0x0000000691800000, 0x0000000691800000, 0x0000000691c00000|  0%| F|  |TAMS 0x0000000691800000| PB 0x0000000691800000| Untracked 
|  67|0x0000000691c00000, 0x0000000691c00000, 0x0000000692000000|  0%| F|  |TAMS 0x0000000691c00000| PB 0x0000000691c00000| Untracked 
|  68|0x0000000692000000, 0x0000000692000000, 0x0000000692400000|  0%| F|  |TAMS 0x0000000692000000| PB 0x0000000692000000| Untracked 
|  69|0x0000000692400000, 0x0000000692400000, 0x0000000692800000|  0%| F|  |TAMS 0x0000000692400000| PB 0x0000000692400000| Untracked 
|  70|0x0000000692800000, 0x0000000692800000, 0x0000000692c00000|  0%| F|  |TAMS 0x0000000692800000| PB 0x0000000692800000| Untracked 
|  71|0x0000000692c00000, 0x0000000692c00000, 0x0000000693000000|  0%| F|  |TAMS 0x0000000692c00000| PB 0x0000000692c00000| Untracked 
|  72|0x0000000693000000, 0x0000000693000000, 0x0000000693400000|  0%| F|  |TAMS 0x0000000693000000| PB 0x0000000693000000| Untracked 
|  73|0x0000000693400000, 0x0000000693400000, 0x0000000693800000|  0%| F|  |TAMS 0x0000000693400000| PB 0x0000000693400000| Untracked 
|  74|0x0000000693800000, 0x0000000693800000, 0x0000000693c00000|  0%| F|  |TAMS 0x0000000693800000| PB 0x0000000693800000| Untracked 
|  75|0x0000000693c00000, 0x0000000693c00000, 0x0000000694000000|  0%| F|  |TAMS 0x0000000693c00000| PB 0x0000000693c00000| Untracked 
|  76|0x0000000694000000, 0x0000000694000000, 0x0000000694400000|  0%| F|  |TAMS 0x0000000694000000| PB 0x0000000694000000| Untracked 
|  77|0x0000000694400000, 0x0000000694400000, 0x0000000694800000|  0%| F|  |TAMS 0x0000000694400000| PB 0x0000000694400000| Untracked 
|  78|0x0000000694800000, 0x0000000694800000, 0x0000000694c00000|  0%| F|  |TAMS 0x0000000694800000| PB 0x0000000694800000| Untracked 
|  79|0x0000000694c00000, 0x0000000694c00000, 0x0000000695000000|  0%| F|  |TAMS 0x0000000694c00000| PB 0x0000000694c00000| Untracked 
|  80|0x0000000695000000, 0x0000000695000000, 0x0000000695400000|  0%| F|  |TAMS 0x0000000695000000| PB 0x0000000695000000| Untracked 
|  81|0x0000000695400000, 0x0000000695400000, 0x0000000695800000|  0%| F|  |TAMS 0x0000000695400000| PB 0x0000000695400000| Untracked 
|  82|0x0000000695800000, 0x0000000695800000, 0x0000000695c00000|  0%| F|  |TAMS 0x0000000695800000| PB 0x0000000695800000| Untracked 
|  83|0x0000000695c00000, 0x0000000695c00000, 0x0000000696000000|  0%| F|  |TAMS 0x0000000695c00000| PB 0x0000000695c00000| Untracked 
|  84|0x0000000696000000, 0x0000000696000000, 0x0000000696400000|  0%| F|  |TAMS 0x0000000696000000| PB 0x0000000696000000| Untracked 
|  85|0x0000000696400000, 0x0000000696400000, 0x0000000696800000|  0%| F|  |TAMS 0x0000000696400000| PB 0x0000000696400000| Untracked 
|  86|0x0000000696800000, 0x0000000696800000, 0x0000000696c00000|  0%| F|  |TAMS 0x0000000696800000| PB 0x0000000696800000| Untracked 
|  87|0x0000000696c00000, 0x0000000696c00000, 0x0000000697000000|  0%| F|  |TAMS 0x0000000696c00000| PB 0x0000000696c00000| Untracked 
|  88|0x0000000697000000, 0x0000000697000000, 0x0000000697400000|  0%| F|  |TAMS 0x0000000697000000| PB 0x0000000697000000| Untracked 
|  89|0x0000000697400000, 0x0000000697400000, 0x0000000697800000|  0%| F|  |TAMS 0x0000000697400000| PB 0x0000000697400000| Untracked 
|  90|0x0000000697800000, 0x0000000697800000, 0x0000000697c00000|  0%| F|  |TAMS 0x0000000697800000| PB 0x0000000697800000| Untracked 
|  91|0x0000000697c00000, 0x0000000697c00000, 0x0000000698000000|  0%| F|  |TAMS 0x0000000697c00000| PB 0x0000000697c00000| Untracked 
|  92|0x0000000698000000, 0x00000006981346f8, 0x0000000698400000| 30%| E|  |TAMS 0x0000000698000000| PB 0x0000000698000000| Complete 
|  93|0x0000000698400000, 0x0000000698800000, 0x0000000698800000|100%| E|CS|TAMS 0x0000000698400000| PB 0x0000000698400000| Complete 
|  94|0x0000000698800000, 0x0000000698c00000, 0x0000000698c00000|100%| E|CS|TAMS 0x0000000698800000| PB 0x0000000698800000| Complete 
|  95|0x0000000698c00000, 0x0000000699000000, 0x0000000699000000|100%| E|CS|TAMS 0x0000000698c00000| PB 0x0000000698c00000| Complete 

Card table byte_map: [0x000001a17e120000,0x000001a17ed20000] _byte_map_base: 0x000001a17ad18000

Marking Bits: (CMBitMap*) 0x000001a1772111e0
 Bits: [0x000001a10f000000, 0x000001a114fc0000)

Polling page: 0x000001a177260000

Metaspace:

Usage:
  Non-class:     14.30 MB used.
      Class:      1.57 MB used.
       Both:     15.87 MB used.

Virtual space:
  Non-class space:       64.00 MB reserved,      14.38 MB ( 22%) committed,  1 nodes.
      Class space:        1.00 GB reserved,       1.69 MB ( <1%) committed,  1 nodes.
             Both:        1.06 GB reserved,      16.06 MB (  1%) committed. 

Chunk freelists:
   Non-Class:  1.00 MB
       Class:  14.19 MB
        Both:  15.19 MB

MaxMetaspaceSize: unlimited
CompressedClassSpaceSize: 1.00 GB
Initial GC threshold: 21.00 MB
Current GC threshold: 21.00 MB
CDS: off
 - commit_granule_bytes: 65536.
 - commit_granule_words: 8192.
 - virtual_space_node_default_size: 8388608.
 - enlarge_chunks_in_place: 1.
 - use_allocation_guard: 0.


Internal statistics:

num_allocs_failed_limit: 0.
num_arena_births: 222.
num_arena_deaths: 0.
num_vsnodes_births: 2.
num_vsnodes_deaths: 0.
num_space_committed: 257.
num_space_uncommitted: 0.
num_chunks_returned_to_freelist: 0.
num_chunks_taken_from_freelist: 398.
num_chunk_merges: 0.
num_chunk_splits: 218.
num_chunks_enlarged: 87.
num_inconsistent_stats: 0.

CodeHeap 'non-profiled nmethods': size=120000Kb used=298Kb max_used=298Kb free=119701Kb
 bounds [0x000001a107ad0000, 0x000001a107d40000, 0x000001a10f000000]
CodeHeap 'profiled nmethods': size=120000Kb used=1399Kb max_used=1399Kb free=118600Kb
 bounds [0x000001a100000000, 0x000001a100270000, 0x000001a107530000]
CodeHeap 'non-nmethods': size=5760Kb used=1408Kb max_used=1425Kb free=4351Kb
 bounds [0x000001a107530000, 0x000001a1077a0000, 0x000001a107ad0000]
 total_blobs=1435 nmethods=933 adapters=407
 compilation: enabled
              stopped_count=0, restarted_count=0
 full_count=0

Compilation events (20 events):
Event: 0.447 Thread 0x000001a11b07a4a0  922       3       java.util.Collections$UnmodifiableCollection$1::next (10 bytes)
Event: 0.447 Thread 0x000001a11b07a4a0 nmethod 922 0x000001a100159f90 code [0x000001a10015a140, 0x000001a10015a320]
Event: 0.448 Thread 0x000001a11b07a4a0  923       3       java.lang.StringLatin1::regionMatchesCI (45 bytes)
Event: 0.448 Thread 0x000001a11b07a4a0 nmethod 923 0x000001a10015a410 code [0x000001a10015a5e0, 0x000001a10015a8a8]
Event: 0.448 Thread 0x000001a11b07a4a0  925       3       java.util.regex.Pattern$Start::match (90 bytes)
Event: 0.448 Thread 0x000001a11b08f600  927       4       java.util.concurrent.ConcurrentHashMap::get (162 bytes)
Event: 0.448 Thread 0x000001a11b07a4a0 nmethod 925 0x000001a10015aa90 code [0x000001a10015ac60, 0x000001a10015b068]
Event: 0.448 Thread 0x000001a11b07a4a0  926       3       java.lang.String::regionMatches (150 bytes)
Event: 0.449 Thread 0x000001a11b07a4a0 nmethod 926 0x000001a10015b210 code [0x000001a10015b460, 0x000001a10015bc60]
Event: 0.449 Thread 0x000001a11b07a4a0  924       3       java.util.regex.Matcher::find (69 bytes)
Event: 0.449 Thread 0x000001a11b07a4a0 nmethod 924 0x000001a10015bf10 code [0x000001a10015c0e0, 0x000001a10015c3d0]
Event: 0.449 Thread 0x000001a11b07a4a0  928       3       java.util.TreeSet::contains (11 bytes)
Event: 0.449 Thread 0x000001a11b07a4a0 nmethod 928 0x000001a10015c510 code [0x000001a10015c6c0, 0x000001a10015c8a0]
Event: 0.449 Thread 0x000001a11b07a4a0  929       3       java.lang.StringLatin1::indexOf (121 bytes)
Event: 0.450 Thread 0x000001a11b07a4a0 nmethod 929 0x000001a10015c990 code [0x000001a10015cb80, 0x000001a10015d068]
Event: 0.450 Thread 0x000001a11b07a4a0  933       3       java.util.KeyValueHolder::<init> (21 bytes)
Event: 0.450 Thread 0x000001a11b07a4a0 nmethod 933 0x000001a10015d290 code [0x000001a10015d480, 0x000001a10015d968]
Event: 0.450 Thread 0x000001a11b07a4a0  935       3       java.util.HashSet::contains (9 bytes)
Event: 0.450 Thread 0x000001a11b07a4a0 nmethod 935 0x000001a10015db10 code [0x000001a10015dcc0, 0x000001a10015dea0]
Event: 0.450 Thread 0x000001a11b07a4a0  931       3       java.util.HashMap::containsKey (14 bytes)

GC Heap History (0 events):
No events

Dll operation events (2 events):
Event: 0.005 Loaded shared library C:\Program Files\JetBrains\IntelliJ IDEA Community Edition 2024.2.1\jbr\bin\java.dll
Event: 0.010 Loaded shared library C:\Program Files\JetBrains\IntelliJ IDEA Community Edition 2024.2.1\jbr\bin\zip.dll

Deoptimization events (8 events):
Event: 0.206 Thread 0x000001a176f32090 Uncommon trap: trap_request=0xffffff45 fr.pc=0x000001a107ae2414 relative=0x0000000000000074
Event: 0.206 Thread 0x000001a176f32090 Uncommon trap: reason=unstable_if action=reinterpret pc=0x000001a107ae2414 method=java.lang.CharacterDataLatin1.toLowerCase(I)I @ 16 c2
Event: 0.206 Thread 0x000001a176f32090 DEOPT PACKING pc=0x000001a107ae2414 sp=0x00000001006fb300
Event: 0.206 Thread 0x000001a176f32090 DEOPT UNPACKING pc=0x000001a1075846a2 sp=0x00000001006fb290 mode 2
Event: 0.308 Thread 0x000001a176f32090 DEOPT PACKING pc=0x000001a100018778 sp=0x00000001006fc860
Event: 0.308 Thread 0x000001a176f32090 DEOPT UNPACKING pc=0x000001a107584e42 sp=0x00000001006fbc80 mode 0
Event: 0.325 Thread 0x000001a176f32090 DEOPT PACKING pc=0x000001a100017358 sp=0x00000001006fe4b0
Event: 0.325 Thread 0x000001a176f32090 DEOPT UNPACKING pc=0x000001a107584e42 sp=0x00000001006fd918 mode 0

Classes loaded (20 events):
Event: 0.447 Loading class sun/security/ssl/CertStatusExtension$OCSPStatusRequest
Event: 0.447 Loading class sun/security/ssl/CertStatusExtension$CertStatusRequest
Event: 0.448 Loading class sun/security/ssl/CertStatusExtension$CertStatusRequest done
Event: 0.448 Loading class sun/security/ssl/CertStatusExtension$OCSPStatusRequest done
Event: 0.448 Loading class sun/security/ssl/CertStatusExtension$CertStatusRequestType
Event: 0.448 Loading class sun/security/ssl/CertStatusExtension$CertStatusRequestType done
Event: 0.448 Loading class sun/security/ssl/SupportedGroupsExtension$SupportedGroupsSpec
Event: 0.448 Loading class sun/security/ssl/SupportedGroupsExtension$SupportedGroupsSpec done
Event: 0.448 Loading class sun/security/ssl/ECPointFormatsExtension$ECPointFormatsSpec
Event: 0.448 Loading class sun/security/ssl/ECPointFormatsExtension$ECPointFormatsSpec done
Event: 0.448 Loading class sun/security/ssl/ECPointFormatsExtension$ECPointFormat
Event: 0.449 Loading class sun/security/ssl/ECPointFormatsExtension$ECPointFormat done
Event: 0.449 Loading class sun/security/ssl/AlpnExtension$AlpnSpec
Event: 0.449 Loading class sun/security/ssl/AlpnExtension$AlpnSpec done
Event: 0.449 Loading class sun/security/ssl/CertStatusExtension$CertStatusRequestV2Spec
Event: 0.449 Loading class sun/security/ssl/CertStatusExtension$CertStatusRequestV2Spec done
Event: 0.449 Loading class sun/security/ssl/ExtendedMasterSecretExtension$ExtendedMasterSecretSpec
Event: 0.449 Loading class sun/security/ssl/ExtendedMasterSecretExtension$ExtendedMasterSecretSpec done
Event: 0.450 Loading class sun/security/ssl/SignatureAlgorithmsExtension$SignatureSchemesSpec
Event: 0.450 Loading class sun/security/ssl/SignatureAlgorithmsExtension$SignatureSchemesSpec done

Classes unloaded (0 events):
No events

Classes redefined (0 events):
No events

Internal exceptions (20 events):
Event: 0.304 Thread 0x000001a176f32090 Exception <a 'java/lang/NoSuchMethodError'{0x0000000698a3e368}: 'int java.lang.invoke.DirectMethodHandle$Holder.invokeVirtual(java.lang.Object, java.lang.Object)'> (0x0000000698a3e368) 
thrown [s\src\hotspot\share\interpreter\linkResolver.cpp, line 784]
Event: 0.304 Thread 0x000001a176f32090 Exception <a 'java/lang/NoSuchMethodError'{0x0000000698a425d0}: 'int java.lang.invoke.DirectMethodHandle$Holder.invokeStaticInit(java.lang.Object, int, int)'> (0x0000000698a425d0) 
thrown [s\src\hotspot\share\interpreter\linkResolver.cpp, line 784]
Event: 0.305 Thread 0x000001a176f32090 Exception <a 'java/lang/NoSuchMethodError'{0x0000000698a49990}: 'int java.lang.invoke.DirectMethodHandle$Holder.invokeStaticInit(java.lang.Object, long, long)'> (0x0000000698a49990) 
thrown [s\src\hotspot\share\interpreter\linkResolver.cpp, line 784]
Event: 0.305 Thread 0x000001a176f32090 Exception <a 'java/lang/NoSuchMethodError'{0x0000000698a503d0}: 'int java.lang.invoke.DirectMethodHandle$Holder.invokeStaticInit(java.lang.Object, float, float)'> (0x0000000698a503d0) 
thrown [s\src\hotspot\share\interpreter\linkResolver.cpp, line 784]
Event: 0.306 Thread 0x000001a176f32090 Exception <a 'java/lang/NoSuchMethodError'{0x0000000698a56ce0}: 'int java.lang.invoke.DirectMethodHandle$Holder.invokeStaticInit(java.lang.Object, double, double)'> (0x0000000698a56ce0) 
thrown [s\src\hotspot\share\interpreter\linkResolver.cpp, line 784]
Event: 0.306 Thread 0x000001a176f32090 Exception <a 'java/lang/NoSuchMethodError'{0x0000000698a5b168}: 'int java.lang.invoke.DirectMethodHandle$Holder.invokeStatic(java.lang.Object, long)'> (0x0000000698a5b168) 
thrown [s\src\hotspot\share\interpreter\linkResolver.cpp, line 784]
Event: 0.310 Thread 0x000001a176f32090 Exception <a 'java/lang/NoSuchMethodError'{0x0000000698a87238}: 'java.lang.Object java.lang.invoke.DelegatingMethodHandle$Holder.delegate(java.lang.Object, int, java.lang.Object, java.lang.Object)'> (0x0000000698a87238) 
thrown [s\src\hotspot\share\interpreter\linkResolver.cpp, line 784]
Event: 0.312 Thread 0x000001a176f32090 Exception <a 'java/lang/NoSuchMethodError'{0x0000000698a96348}: 'int java.lang.invoke.Invokers$Holder.linkToTargetMethod(java.lang.Object, java.lang.Object, java.lang.Object)'> (0x0000000698a96348) 
thrown [s\src\hotspot\share\interpreter\linkResolver.cpp, line 784]
Event: 0.315 Thread 0x000001a176f32090 Exception <a 'java/lang/NoSuchMethodError'{0x0000000698ac7d28}: 'long java.lang.invoke.DirectMethodHandle$Holder.invokeSpecial(java.lang.Object, java.lang.Object)'> (0x0000000698ac7d28) 
thrown [s\src\hotspot\share\interpreter\linkResolver.cpp, line 784]
Event: 0.316 Thread 0x000001a176f32090 Exception <a 'java/lang/NoSuchMethodError'{0x0000000698ace428}: 'int java.lang.invoke.DirectMethodHandle$Holder.invokeStatic(java.lang.Object, java.lang.Object, java.lang.Object, java.lang.Object)'> (0x0000000698ace428) 
thrown [s\src\hotspot\share\interpreter\linkResolver.cpp, line 784]
Event: 0.316 Thread 0x000001a176f32090 Exception <a 'java/lang/NoSuchMethodError'{0x0000000698ad17f8}: 'java.lang.Object java.lang.invoke.Invokers$Holder.invokeExact_MT(java.lang.Object, java.lang.Object, java.lang.Object, java.lang.Object, java.lang.Object, java.lang.Object)'> (0x0000000698ad17f8) 
thrown [s\src\hotspot\share\interpreter\linkResolver.cpp, line 784]
Event: 0.382 Thread 0x000001a176f32090 Exception <a 'java/lang/NoSuchMethodError'{0x00000006984c44a8}: 'java.lang.Object java.lang.invoke.DirectMethodHandle$Holder.newInvokeSpecial(java.lang.Object, java.lang.Object, java.lang.Object, java.lang.Object, java.lang.Object)'> (0x00000006984c44a8) 
thrown [s\src\hotspot\share\interpreter\linkResolver.cpp, line 784]
Event: 0.403 Thread 0x000001a176f32090 Exception <a 'java/lang/NoSuchMethodError'{0x00000006986ab4f0}: 'java.lang.Object java.lang.invoke.DirectMethodHandle$Holder.invokeSpecial(java.lang.Object, java.lang.Object, java.lang.Object, java.lang.Object, int)'> (0x00000006986ab4f0) 
thrown [s\src\hotspot\share\interpreter\linkResolver.cpp, line 784]
Event: 0.403 Thread 0x000001a176f32090 Exception <a 'java/lang/NoSuchMethodError'{0x00000006986aee38}: 'java.lang.Object java.lang.invoke.Invokers$Holder.linkToTargetMethod(java.lang.Object, java.lang.Object, int, java.lang.Object)'> (0x00000006986aee38) 
thrown [s\src\hotspot\share\interpreter\linkResolver.cpp, line 784]
Event: 0.408 Thread 0x000001a176f32090 Exception <a 'java/lang/NoSuchMethodError'{0x00000006986dcb40}: 'void java.lang.invoke.DirectMethodHandle$Holder.invokeSpecial(java.lang.Object, java.lang.Object, java.lang.Object)'> (0x00000006986dcb40) 
thrown [s\src\hotspot\share\interpreter\linkResolver.cpp, line 784]
Event: 0.418 Thread 0x000001a176f32090 Exception <a 'java/lang/NoSuchMethodError'{0x000000069875d280}: 'void java.lang.invoke.DirectMethodHandle$Holder.invokeSpecial(java.lang.Object, java.lang.Object, java.lang.Object, java.lang.Object, java.lang.Object)'> (0x000000069875d280) 
thrown [s\src\hotspot\share\interpreter\linkResolver.cpp, line 784]
Event: 0.419 Thread 0x000001a11b8ca120 Exception <a 'java/lang/NoSuchMethodError'{0x00000006984edf90}: 'void java.lang.invoke.DirectMethodHandle$Holder.invokeStatic(java.lang.Object, java.lang.Object, int)'> (0x00000006984edf90) 
thrown [s\src\hotspot\share\interpreter\linkResolver.cpp, line 784]
Event: 0.424 Thread 0x000001a11b8ca120 Exception <a 'java/lang/NoSuchMethodError'{0x00000006985270d8}: 'void java.lang.invoke.DirectMethodHandle$Holder.invokeStatic(java.lang.Object, java.lang.Object)'> (0x00000006985270d8) 
thrown [s\src\hotspot\share\interpreter\linkResolver.cpp, line 784]
Event: 0.426 Thread 0x000001a11b8fdaa0 Exception <a 'java/lang/NoSuchMethodError'{0x00000006987f5108}: 'void java.lang.invoke.DirectMethodHandle$Holder.invokeInterface(java.lang.Object, java.lang.Object, java.lang.Object)'> (0x00000006987f5108) 
thrown [s\src\hotspot\share\interpreter\linkResolver.cpp, line 784]
Event: 0.430 Thread 0x000001a11b8fdaa0 Exception <a 'java/lang/NoSuchMethodError'{0x00000006980475f0}: 'void java.lang.invoke.DirectMethodHandle$Holder.invokeVirtual(java.lang.Object, java.lang.Object)'> (0x00000006980475f0) 
thrown [s\src\hotspot\share\interpreter\linkResolver.cpp, line 784]

ZGC Phase Switch (0 events):
No events

VM Operations (6 events):
Event: 0.100 Executing VM operation: HandshakeAllThreads (Deoptimize)
Event: 0.100 Executing VM operation: HandshakeAllThreads (Deoptimize) done
Event: 0.109 Executing VM operation: HandshakeAllThreads (Deoptimize)
Event: 0.109 Executing VM operation: HandshakeAllThreads (Deoptimize) done
Event: 0.257 Executing VM operation: HandshakeAllThreads (Deoptimize)
Event: 0.257 Executing VM operation: HandshakeAllThreads (Deoptimize) done

Events (20 events):
Event: 0.009 Thread 0x000001a176f32090 Thread added: 0x000001a176f32090
Event: 0.050 Thread 0x000001a11b065410 Thread added: 0x000001a11b065410
Event: 0.050 Thread 0x000001a11b066ad0 Thread added: 0x000001a11b066ad0
Event: 0.051 Thread 0x000001a11b0908a0 Thread added: 0x000001a11b0908a0
Event: 0.051 Thread 0x000001a11b091300 Thread added: 0x000001a11b091300
Event: 0.051 Thread 0x000001a11b08b2b0 Thread added: 0x000001a11b08b2b0
Event: 0.051 Thread 0x000001a11b08e0d0 Thread added: 0x000001a11b08e0d0
Event: 0.051 Thread 0x000001a11b08f600 Thread added: 0x000001a11b08f600
Event: 0.051 Thread 0x000001a11b07a4a0 Thread added: 0x000001a11b07a4a0
Event: 0.076 Thread 0x000001a11b22dfe0 Thread added: 0x000001a11b22dfe0
Event: 0.081 Thread 0x000001a11b246d70 Thread added: 0x000001a11b246d70
Event: 0.088 Loaded shared library C:\Program Files\JetBrains\IntelliJ IDEA Community Edition 2024.2.1\jbr\bin\net.dll
Event: 0.090 Loaded shared library C:\Program Files\JetBrains\IntelliJ IDEA Community Edition 2024.2.1\jbr\bin\nio.dll
Event: 0.096 Loaded shared library C:\Program Files\JetBrains\IntelliJ IDEA Community Edition 2024.2.1\jbr\bin\zip.dll
Event: 0.159 Loaded shared library C:\Program Files\JetBrains\IntelliJ IDEA Community Edition 2024.2.1\jbr\bin\jimage.dll
Event: 0.168 Loaded shared library C:\Program Files\JetBrains\IntelliJ IDEA Community Edition 2024.2.1\jbr\bin\sunmscapi.dll
Event: 0.373 Loaded shared library C:\Program Files\JetBrains\IntelliJ IDEA Community Edition 2024.2.1\jbr\bin\extnet.dll
Event: 0.377 Thread 0x000001a11b8ca120 Thread added: 0x000001a11b8ca120
Event: 0.424 Thread 0x000001a11b8fdaa0 Thread added: 0x000001a11b8fdaa0
Event: 0.435 Thread 0x000001a11b935060 Thread added: 0x000001a11b935060


Dynamic libraries:
0x00007ff7f9260000 - 0x00007ff7f926a000 	C:\Program Files\JetBrains\IntelliJ IDEA Community Edition 2024.2.1\jbr\bin\java.exe
0x00007ff8bda70000 - 0x00007ff8bdc68000 	C:\Windows\SYSTEM32\ntdll.dll
0x00007ff8bd7f0000 - 0x00007ff8bd8b2000 	C:\Windows\System32\KERNEL32.DLL
0x00007ff8bb350000 - 0x00007ff8bb64e000 	C:\Windows\System32\KERNELBASE.dll
0x00007ff8bb990000 - 0x00007ff8bba90000 	C:\Windows\System32\ucrtbase.dll
0x00007ff8b2dc0000 - 0x00007ff8b2ddb000 	C:\Program Files\JetBrains\IntelliJ IDEA Community Edition 2024.2.1\jbr\bin\VCRUNTIME140.dll
0x00007ff8a9cf0000 - 0x00007ff8a9d08000 	C:\Program Files\JetBrains\IntelliJ IDEA Community Edition 2024.2.1\jbr\bin\jli.dll
0x00007ff8bbef0000 - 0x00007ff8bc08d000 	C:\Windows\System32\USER32.dll
0x00007ff8bb110000 - 0x00007ff8bb132000 	C:\Windows\System32\win32u.dll
0x00007ff8ac3f0000 - 0x00007ff8ac68a000 	C:\Windows\WinSxS\amd64_microsoft.windows.common-controls_6595b64144ccf1df_6.0.19041.4355_none_60b8b9eb71f62e16\COMCTL32.dll
0x00007ff8bcb20000 - 0x00007ff8bcb4b000 	C:\Windows\System32\GDI32.dll
0x00007ff8bc2d0000 - 0x00007ff8bc36e000 	C:\Windows\System32\msvcrt.dll
0x00007ff8bb190000 - 0x00007ff8bb2a7000 	C:\Windows\System32\gdi32full.dll
0x00007ff8bb2b0000 - 0x00007ff8bb34d000 	C:\Windows\System32\msvcp_win.dll
0x00007ff8bbec0000 - 0x00007ff8bbeef000 	C:\Windows\System32\IMM32.DLL
0x00007ff8b6090000 - 0x00007ff8b609c000 	C:\Program Files\JetBrains\IntelliJ IDEA Community Edition 2024.2.1\jbr\bin\vcruntime140_1.dll
0x00007ff89c400000 - 0x00007ff89c48d000 	C:\Program Files\JetBrains\IntelliJ IDEA Community Edition 2024.2.1\jbr\bin\msvcp140.dll
0x00007ff847630000 - 0x00007ff8483e2000 	C:\Program Files\JetBrains\IntelliJ IDEA Community Edition 2024.2.1\jbr\bin\server\jvm.dll
0x00007ff8bc210000 - 0x00007ff8bc2c2000 	C:\Windows\System32\ADVAPI32.dll
0x00007ff8bc8d0000 - 0x00007ff8bc970000 	C:\Windows\System32\sechost.dll
0x00007ff8bcc60000 - 0x00007ff8bcd83000 	C:\Windows\System32\RPCRT4.dll
0x00007ff8bb750000 - 0x00007ff8bb777000 	C:\Windows\System32\bcrypt.dll
0x00007ff8bc970000 - 0x00007ff8bc9db000 	C:\Windows\System32\WS2_32.dll
0x00007ff8ba610000 - 0x00007ff8ba65b000 	C:\Windows\SYSTEM32\POWRPROF.dll
0x00007ff8aec90000 - 0x00007ff8aecb7000 	C:\Windows\SYSTEM32\WINMM.dll
0x00007ff8b4560000 - 0x00007ff8b456a000 	C:\Windows\SYSTEM32\VERSION.dll
0x00007ff8ba470000 - 0x00007ff8ba482000 	C:\Windows\SYSTEM32\UMPDC.dll
0x00007ff8b8a90000 - 0x00007ff8b8aa2000 	C:\Windows\SYSTEM32\kernel.appcore.dll
0x00007ff8b6080000 - 0x00007ff8b608a000 	C:\Program Files\JetBrains\IntelliJ IDEA Community Edition 2024.2.1\jbr\bin\jimage.dll
0x00007ff8b3b50000 - 0x00007ff8b3d34000 	C:\Windows\SYSTEM32\DBGHELP.DLL
0x00007ff8b3a50000 - 0x00007ff8b3a84000 	C:\Windows\SYSTEM32\dbgcore.DLL
0x00007ff8bb650000 - 0x00007ff8bb6d2000 	C:\Windows\System32\bcryptPrimitives.dll
0x00007ff8b2420000 - 0x00007ff8b243f000 	C:\Program Files\JetBrains\IntelliJ IDEA Community Edition 2024.2.1\jbr\bin\java.dll
0x00007ff8b2080000 - 0x00007ff8b2098000 	C:\Program Files\JetBrains\IntelliJ IDEA Community Edition 2024.2.1\jbr\bin\zip.dll
0x00007ff8bd080000 - 0x00007ff8bd7ef000 	C:\Windows\System32\SHELL32.dll
0x00007ff8b8c90000 - 0x00007ff8b9434000 	C:\Windows\SYSTEM32\windows.storage.dll
0x00007ff8bbb40000 - 0x00007ff8bbe93000 	C:\Windows\System32\combase.dll
0x00007ff8bab10000 - 0x00007ff8bab3e000 	C:\Windows\SYSTEM32\Wldp.dll
0x00007ff8bca50000 - 0x00007ff8bcb1d000 	C:\Windows\System32\OLEAUT32.dll
0x00007ff8bcbb0000 - 0x00007ff8bcc5d000 	C:\Windows\System32\SHCORE.dll
0x00007ff8bc370000 - 0x00007ff8bc3c5000 	C:\Windows\System32\shlwapi.dll
0x00007ff8bb040000 - 0x00007ff8bb064000 	C:\Windows\SYSTEM32\profapi.dll
0x00007ff8b4460000 - 0x00007ff8b4470000 	C:\Program Files\JetBrains\IntelliJ IDEA Community Edition 2024.2.1\jbr\bin\net.dll
0x00007ff8b5c00000 - 0x00007ff8b5d0d000 	C:\Windows\SYSTEM32\WINHTTP.dll
0x00007ff8ba7f0000 - 0x00007ff8ba85a000 	C:\Windows\system32\mswsock.dll
0x00007ff8b0be0000 - 0x00007ff8b0bf6000 	C:\Program Files\JetBrains\IntelliJ IDEA Community Edition 2024.2.1\jbr\bin\nio.dll
0x00007ff8b3b20000 - 0x00007ff8b3b2e000 	C:\Program Files\JetBrains\IntelliJ IDEA Community Edition 2024.2.1\jbr\bin\sunmscapi.dll
0x00007ff8bb780000 - 0x00007ff8bb8dc000 	C:\Windows\System32\CRYPT32.dll
0x00007ff8bab80000 - 0x00007ff8baba7000 	C:\Windows\SYSTEM32\ncrypt.dll
0x00007ff8babb0000 - 0x00007ff8babd1000 	C:\Program Files\Common Files\Crypto Pro\AppCompat\cpcrypt.dll
0x00007ff8bab40000 - 0x00007ff8bab7b000 	C:\Windows\SYSTEM32\NTASN1.dll
0x00007ff8baa40000 - 0x00007ff8baa58000 	C:\Windows\SYSTEM32\CRYPTSP.dll
0x00007ff8ba9e0000 - 0x00007ff8ba9f7000 	C:\Program Files\Common Files\Crypto Pro\AppCompat\cpadvai.dll
0x00007ff8ba0b0000 - 0x00007ff8ba0e4000 	C:\Windows\system32\rsaenh.dll
0x00007ff8bb000000 - 0x00007ff8bb02e000 	C:\Windows\SYSTEM32\USERENV.dll
0x00007ff8baa60000 - 0x00007ff8baa6c000 	C:\Windows\SYSTEM32\CRYPTBASE.dll
0x00007ff8ba490000 - 0x00007ff8ba4cb000 	C:\Windows\SYSTEM32\IPHLPAPI.DLL
0x00007ff8bc3d0000 - 0x00007ff8bc3d8000 	C:\Windows\System32\NSI.dll
0x00007ff860dc0000 - 0x00007ff860dc7000 	C:\Windows\system32\wshunix.dll
0x00007ff8b3060000 - 0x00007ff8b3069000 	C:\Program Files\JetBrains\IntelliJ IDEA Community Edition 2024.2.1\jbr\bin\extnet.dll

dbghelp: loaded successfully - version: 4.0.5 - missing functions: none
symbol engine: initialized successfully - sym options: 0x614 - pdb path: .;C:\Program Files\JetBrains\IntelliJ IDEA Community Edition 2024.2.1\jbr\bin;C:\Windows\SYSTEM32;C:\Windows\WinSxS\amd64_microsoft.windows.common-controls_6595b64144ccf1df_6.0.19041.4355_none_60b8b9eb71f62e16;C:\Program Files\JetBrains\IntelliJ IDEA Community Edition 2024.2.1\jbr\bin\server;C:\Program Files\Common Files\Crypto Pro\AppCompat

VM Arguments:
java_command: git4idea.http.GitAskPassApp Username for 'https://github.com': 
java_class_path (initial): C:/Program Files/JetBrains/IntelliJ IDEA Community Edition 2024.2.1/plugins/vcs-git/lib/git4idea-rt.jar;C:/Program Files/JetBrains/IntelliJ IDEA Community Edition 2024.2.1/lib/externalProcess-rt.jar
Launcher Type: SUN_STANDARD

[Global flags]
     intx CICompilerCount                          = 4                                         {product} {ergonomic}
     uint ConcGCThreads                            = 3                                         {product} {ergonomic}
     uint G1ConcRefinementThreads                  = 10                                        {product} {ergonomic}
   size_t G1HeapRegionSize                         = 4194304                                   {product} {ergonomic}
    uintx GCDrainStackTargetSize                   = 64                                        {product} {ergonomic}
   size_t InitialHeapSize                          = 402653184                                 {product} {ergonomic}
   size_t MarkStackSize                            = 4194304                                   {product} {ergonomic}
   size_t MaxHeapSize                              = 6425673728                                {product} {ergonomic}
   size_t MaxNewSize                               = 3854565376                                {product} {ergonomic}
   size_t MinHeapDeltaBytes                        = 4194304                                   {product} {ergonomic}
   size_t MinHeapSize                              = 8388608                                   {product} {ergonomic}
    uintx NonNMethodCodeHeapSize                   = 5839372                                {pd product} {ergonomic}
    uintx NonProfiledCodeHeapSize                  = 122909434                              {pd product} {ergonomic}
    uintx ProfiledCodeHeapSize                     = 122909434                              {pd product} {ergonomic}
    uintx ReservedCodeCacheSize                    = 251658240                              {pd product} {ergonomic}
     bool SegmentedCodeCache                       = true                                      {product} {ergonomic}
   size_t SoftMaxHeapSize                          = 6425673728                             {manageable} {ergonomic}
     bool UseCompressedOops                        = true                           {product lp64_product} {ergonomic}
     bool UseG1GC                                  = true                                      {product} {ergonomic}
     bool UseLargePagesIndividualAllocation        = false                                  {pd product} {ergonomic}

Logging:
Log output configuration:
 #0: stdout all=warning uptime,level,tags foldmultilines=false
 #1: stderr all=off uptime,level,tags foldmultilines=false

Environment Variables:
PATH=C:\Program Files\Git\mingw64\libexec\git-core;C:\Program Files\Git\mingw64\libexec\git-core;C:\Program Files\Git\mingw64\bin;C:\Program Files\Git\usr\bin;C:\Users\User\bin;C:\Program Files\Common Files\Oracle\Java\javapath;C:\Program Files (x86)\Common Files\Oracle\Java\java8path;C:\Program Files (x86)\Common Files\Oracle\Java\javapath;F:\Users\alek0\flutter\bin;C:\Users\User\AppData\Local\Android\Sdk\emulator;C:\Users\User\AppData\Local\Android\Sdk\platform-tools;C:\Windows\system32;C:\Windows;C:\Windows\System32\Wbem;C:\Windows\System32\WindowsPowerShell\v1.0;C:\Windows\System32\OpenSSH;C:\Program Files\Git\cmd;C:\ProgramData\chocolatey\bin;C:\Program Files\Docker\Docker\resources\bin;C:\Program Files\Java\jdk1.8.0_212\bin;C:\Users\User\AppData\Local\Programs\Python\Python312\Scripts;C:\Users\User\AppData\Local\Programs\Python\Python312;C:\Users\User\AppData\Local\Programs\Python\Python310\Scripts;C:\Users\User\AppData\Local\Programs\Python\Python310;C:\Users\User\AppData\Local\Microsoft\WindowsApps;C:\tools\dart-sdk\bin;C:\Users\User\AppData\Local\Pub\Cache\bin;C:\Program Files\JetBrains\PyCharm Community Edition 2024.2.2\bin
USERNAME=User
DISPLAY=:0.0
LC_ALL=en_US.UTF-8
TERM=xterm-256color
TMPDIR=C:\Users\User\AppData\Local\Temp
OS=Windows_NT
PROCESSOR_IDENTIFIER=AMD64 Family 23 Model 8 Stepping 2, AuthenticAMD
TMP=C:\Users\User\AppData\Local\Temp
TEMP=C:\Users\User\AppData\Local\Temp




Periodic native trim disabled

JNI global refs:
JNI global refs: 20, weak refs: 0

JNI global refs memory usage: 835, weak refs: 833

Process memory usage:
Resident Set Size: 70088K (0% of 25095812K total physical memory with 12979276K free physical memory)

OOME stack traces (most recent first):
Classloader memory used:
Loader bootstrap                                                                       : 14781K
Loader jdk.internal.loader.ClassLoaders$PlatformClassLoader                            : 1450K
Loader jdk.internal.loader.ClassLoaders$AppClassLoader                                 : 16408B

---------------  S Y S T E M  ---------------

OS:
 Windows 10 , 64 bit Build 19041 (10.0.19041.4957)
OS uptime: 12 days 16:57 hours
Hyper-V role detected

CPU: total 12 (initial active 12) (12 cores per cpu, 2 threads per core) family 23 model 8 stepping 2 microcode 0x0, cx8, cmov, fxsr, ht, mmx, 3dnowpref, sse, sse2, sse3, ssse3, sse4a, sse4.1, sse4.2, popcnt, lzcnt, tsc, tscinvbit, avx, avx2, aes, clmul, bmi1, bmi2, adx, sha, fma, vzeroupper, clflush, clflushopt, hv, rdtscp, f16c
Processor Information for all 12 processors :
  Max Mhz: 3400, Current Mhz: 3400, Mhz Limit: 3400

Memory: 4k page, system-wide physical 24507M (12675M free)
TotalPageFile size 54953M (AvailPageFile size 6M)
current process WorkingSet (physical memory assigned to process): 68M, peak: 68M
current process commit charge ("private bytes"): 486M, peak: 487M

vm_info: OpenJDK 64-Bit Server VM (21.0.3+13-b509.11) for windows-amd64 JRE (21.0.3+13-b509.11), built on 2024-08-12 by "builduser" with MS VC++ 16.10 / 16.11 (VS2019)

END.
